<?xml version="1.0" encoding="UTF-8"?>
<!-- Generated by org.testng.reporters.JUnitReportReporter -->
<testsuite hostname="PCIN474007" failures="0" tests="3" name="com.identifyNewBikes.TestGrid" time="46.142" errors="0" timestamp="08 May 2021 08:54:19 GMT" skipped="0">
  <testcase classname="com.identifyNewBikes.TestGrid" name="upcomingBikesTest" time="22.651"/>
  <testcase classname="com.identifyNewBikes.TestGrid" name="popularUsedCarsTest" time="12.306"/>
  <testcase classname="com.identifyNewBikes.TestGrid" name="ZigwheelsSignInTest" time="11.185"/>
</testsuite> <!-- com.identifyNewBikes.TestGrid -->
