<?xml version="1.0" encoding="UTF-8"?>
<!-- Generated by org.testng.reporters.JUnitReportReporter -->
<testsuite hostname="PCIN474007" failures="0" tests="3" name="com.identifyNewBikes.Testbase" time="188.276" errors="0" timestamp="08 May 2021 14:05:37 GMT" skipped="0">
  <testcase classname="com.identifyNewBikes.Testbase" name="upcomingBikesTest" time="43.774"/>
  <testcase classname="com.identifyNewBikes.Testbase" name="popularUsedCarsTest" time="125.691"/>
  <testcase classname="com.identifyNewBikes.Testbase" name="ZigwheelsSignInTest" time="18.811"/>
</testsuite> <!-- com.identifyNewBikes.Testbase -->
